<?xml version="1.0" encoding="UTF-8"?>

<!-- context인 UserDao와 의존 object인 Dconnection을 생성 -->
<beans xsi:schemaLocation="http://www.springframework.org/schema/beans http://www.springframework.org/schema/beans/spring-beans-3.0.xsd" 
   xmlns:xsi="http://www.w3.org/2001/XMLSchema-instance" xmlns="http://www.springframework.org/schema/beans">

</beans>
